======================================
 Run started at Wed Sep 10 14:15:05 CST 2025
======================================
[INFO] 开始推理...
[INFO]  Acl init ok
[INFO]  Open device 0 ok
[INFO]  Use default context currently
[INFO]  dvpp init resource ok
[INFO]  Load model ../model/YOLO11s_obb_video_base_640.om success
[INFO]  Create model description success
[INFO]  Create model(../model/YOLO11s_obb_video_base_640.om) output success
[INFO]  Init model ../model/YOLO11s_obb_video_base_640.om success
[INFO]  Model initialized successfully
[INFO]  Input size: 640x640
[INFO]  Output boxes: 8400
[INFO]  Classes: 1
[INFO]  Using ProbIoU for NMS processing
Init ByteTrack!
Frame 1 Detect objects 9, Tracking update takes 572 us
Frame 2 Detect objects 9, Tracking update takes 2124 us
Frame 3 Detect objects 8, Tracking update takes 2079 us
Frame 4 Detect objects 9, Tracking update takes 2094 us
Frame 5 Detect objects 8, Tracking update takes 2113 us
Frame 6 Detect objects 8, Tracking update takes 2087 us
Frame 7 Detect objects 8, Tracking update takes 2051 us
Frame 8 Detect objects 8, Tracking update takes 2130 us
Frame 9 Detect objects 9, Tracking update takes 2110 us
Frame 10 Detect objects 7, Tracking update takes 1983 us
Frame 11 Detect objects 7, Tracking update takes 2066 us
Frame 12 Detect objects 6, Tracking update takes 1870 us
Frame 13 Detect objects 6, Tracking update takes 1727 us
Frame 14 Detect objects 7, Tracking update takes 4602 us
Frame 15 Detect objects 7, Tracking update takes 5961 us
Frame 16 Detect objects 7, Tracking update takes 2118 us
Frame 17 Detect objects 4, Tracking update takes 1676 us
Frame 18 Detect objects 3, Tracking update takes 1443 us
Frame 19 Detect objects 2, Tracking update takes 1469 us
Frame 20 Detect objects 2, Tracking update takes 1426 us
Frame 21 Detect objects 2, Tracking update takes 1436 us
Frame 22 Detect objects 2, Tracking update takes 1360 us
Frame 23 Detect objects 2, Tracking update takes 1421 us
Frame 24 Detect objects 3, Tracking update takes 1449 us
Frame 25 Detect objects 3, Tracking update takes 1498 us
Frame 26 Detect objects 3, Tracking update takes 1559 us
Frame 27 Detect objects 3, Tracking update takes 1712 us
Frame 28 Detect objects 3, Tracking update takes 5863 us
Frame 29 Detect objects 3, Tracking update takes 1712 us
Frame 30 Detect objects 3, Tracking update takes 1677 us
Frame 31 Detect objects 3, Tracking update takes 1704 us
Frame 32 Detect objects 3, Tracking update takes 1823 us
Frame 33 Detect objects 3, Tracking update takes 1728 us
Frame 34 Detect objects 3, Tracking update takes 1703 us
Frame 35 Detect objects 4, Tracking update takes 1721 us
Frame 36 Detect objects 3, Tracking update takes 1726 us
Frame 37 Detect objects 3, Tracking update takes 1829 us
Frame 38 Detect objects 3, Tracking update takes 1715 us
Frame 39 Detect objects 5, Tracking update takes 1874 us
Frame 40 Detect objects 7, Tracking update takes 2192 us
Frame 41 Detect objects 9, Tracking update takes 2795 us
Frame 42 Detect objects 9, Tracking update takes 3176 us
Frame 43 Detect objects 10, Tracking update takes 3361 us
Frame 44 Detect objects 11, Tracking update takes 3248 us
Frame 45 Detect objects 10, Tracking update takes 3198 us
Frame 46 Detect objects 10, Tracking update takes 3200 us
Frame 47 Detect objects 10, Tracking update takes 5108 us
Frame 48 Detect objects 12, Tracking update takes 3297 us
Frame 49 Detect objects 13, Tracking update takes 3387 us
Frame 50 Detect objects 13, Tracking update takes 3216 us
Frame 51 Detect objects 12, Tracking update takes 3175 us
Frame 52 Detect objects 12, Tracking update takes 3169 us
Frame 53 Detect objects 12, Tracking update takes 3179 us
Frame 54 Detect objects 13, Tracking update takes 3248 us
Frame 55 Detect objects 13, Tracking update takes 7480 us
Frame 56 Detect objects 13, Tracking update takes 4766 us
Frame 57 Detect objects 13, Tracking update takes 3435 us
Frame 58 Detect objects 13, Tracking update takes 3999 us
Frame 59 Detect objects 13, Tracking update takes 3526 us
Frame 60 Detect objects 13, Tracking update takes 3510 us
Frame 61 Detect objects 13, Tracking update takes 3510 us
Frame 62 Detect objects 13, Tracking update takes 9976 us
Frame 63 Detect objects 12, Tracking update takes 7532 us
Frame 64 Detect objects 15, Tracking update takes 3525 us
Frame 65 Detect objects 16, Tracking update takes 3900 us
Frame 66 Detect objects 16, Tracking update takes 4079 us
Frame 67 Detect objects 16, Tracking update takes 4190 us
Frame 68 Detect objects 16, Tracking update takes 4292 us
Frame 69 Detect objects 16, Tracking update takes 4174 us
Frame 70 Detect objects 16, Tracking update takes 4355 us
Frame 71 Detect objects 16, Tracking update takes 4363 us
Frame 72 Detect objects 16, Tracking update takes 4361 us
Frame 73 Detect objects 17, Tracking update takes 4363 us
Frame 74 Detect objects 16, Tracking update takes 4494 us
Frame 75 Detect objects 17, Tracking update takes 4680 us
Frame 76 Detect objects 17, Tracking update takes 4858 us
Frame 77 Detect objects 17, Tracking update takes 4572 us
Frame 78 Detect objects 17, Tracking update takes 4787 us
Frame 79 Detect objects 17, Tracking update takes 4975 us
Frame 80 Detect objects 18, Tracking update takes 6402 us
Frame 81 Detect objects 17, Tracking update takes 4828 us
Frame 82 Detect objects 17, Tracking update takes 4683 us
Frame 83 Detect objects 16, Tracking update takes 4678 us
Frame 84 Detect objects 17, Tracking update takes 4918 us
Frame 85 Detect objects 15, Tracking update takes 4666 us
Frame 86 Detect objects 15, Tracking update takes 4771 us
Frame 87 Detect objects 16, Tracking update takes 9046 us
Frame 88 Detect objects 16, Tracking update takes 4994 us
Frame 89 Detect objects 16, Tracking update takes 6467 us
Frame 90 Detect objects 16, Tracking update takes 5026 us
Frame 91 Detect objects 16, Tracking update takes 4976 us
Frame 92 Detect objects 16, Tracking update takes 4999 us
Frame 93 Detect objects 16, Tracking update takes 5031 us
Frame 94 Detect objects 16, Tracking update takes 5026 us
Frame 95 Detect objects 16, Tracking update takes 4929 us
Frame 96 Detect objects 16, Tracking update takes 5064 us
Frame 97 Detect objects 16, Tracking update takes 4908 us
Frame 98 Detect objects 16, Tracking update takes 4903 us
Frame 99 Detect objects 16, Tracking update takes 4848 us
Frame 100 Detect objects 16, Tracking update takes 7990 us
Frame 101 Detect objects 16, Tracking update takes 4803 us
Frame 102 Detect objects 16, Tracking update takes 4814 us
Frame 103 Detect objects 16, Tracking update takes 5501 us
Frame 104 Detect objects 16, Tracking update takes 4771 us
Frame 105 Detect objects 16, Tracking update takes 4742 us
Frame 106 Detect objects 16, Tracking update takes 4698 us
Frame 107 Detect objects 16, Tracking update takes 4635 us
Frame 108 Detect objects 17, Tracking update takes 4760 us
Frame 109 Detect objects 16, Tracking update takes 4620 us
Frame 110 Detect objects 17, Tracking update takes 4671 us
Frame 111 Detect objects 16, Tracking update takes 4596 us
Frame 112 Detect objects 16, Tracking update takes 4614 us
Frame 113 Detect objects 16, Tracking update takes 4447 us
Frame 114 Detect objects 16, Tracking update takes 4320 us
Frame 115 Detect objects 16, Tracking update takes 4262 us
Frame 116 Detect objects 17, Tracking update takes 4304 us
Frame 117 Detect objects 17, Tracking update takes 4435 us
Frame 118 Detect objects 17, Tracking update takes 4463 us
Frame 119 Detect objects 19, Tracking update takes 13673 us
Frame 120 Detect objects 19, Tracking update takes 8688 us
Frame 121 Detect objects 20, Tracking update takes 4709 us
Frame 122 Detect objects 18, Tracking update takes 4674 us
Frame 123 Detect objects 19, Tracking update takes 4640 us
Frame 124 Detect objects 17, Tracking update takes 4512 us
Frame 125 Detect objects 18, Tracking update takes 4693 us
Frame 126 Detect objects 18, Tracking update takes 4596 us
Frame 127 Detect objects 19, Tracking update takes 4620 us
Frame 128 Detect objects 19, Tracking update takes 4718 us
Frame 129 Detect objects 19, Tracking update takes 4758 us
Frame 130 Detect objects 18, Tracking update takes 5110 us
Frame 131 Detect objects 17, Tracking update takes 4763 us
Frame 132 Detect objects 17, Tracking update takes 4704 us
Frame 133 Detect objects 18, Tracking update takes 4822 us
Frame 134 Detect objects 19, Tracking update takes 4894 us
Frame 135 Detect objects 21, Tracking update takes 9215 us
Frame 136 Detect objects 18, Tracking update takes 4944 us
Frame 137 Detect objects 19, Tracking update takes 5056 us
Frame 138 Detect objects 18, Tracking update takes 4608 us
Frame 139 Detect objects 16, Tracking update takes 4472 us
Frame 140 Detect objects 17, Tracking update takes 4428 us
Frame 141 Detect objects 16, Tracking update takes 4445 us
Frame 142 Detect objects 16, Tracking update takes 4466 us
Frame 143 Detect objects 15, Tracking update takes 8434 us
Frame 144 Detect objects 16, Tracking update takes 4314 us
Frame 145 Detect objects 16, Tracking update takes 4429 us
Frame 146 Detect objects 16, Tracking update takes 4429 us
Frame 147 Detect objects 15, Tracking update takes 4493 us
Frame 148 Detect objects 15, Tracking update takes 4288 us
Frame 149 Detect objects 15, Tracking update takes 4171 us
Frame 150 Detect objects 13, Tracking update takes 4002 us
Frame 151 Detect objects 13, Tracking update takes 4057 us
Frame 152 Detect objects 13, Tracking update takes 4034 us
Frame 153 Detect objects 13, Tracking update takes 4060 us
Frame 154 Detect objects 13, Tracking update takes 4018 us
Frame 155 Detect objects 13, Tracking update takes 4029 us
Frame 156 Detect objects 15, Tracking update takes 3934 us
Frame 157 Detect objects 15, Tracking update takes 4164 us
Frame 158 Detect objects 14, Tracking update takes 4207 us
Frame 159 Detect objects 14, Tracking update takes 4272 us
Frame 160 Detect objects 13, Tracking update takes 4539 us
Frame 161 Detect objects 13, Tracking update takes 4172 us
Frame 162 Detect objects 13, Tracking update takes 3927 us
Frame 163 Detect objects 14, Tracking update takes 3924 us
Frame 164 Detect objects 13, Tracking update takes 3807 us
Frame 165 Detect objects 15, Tracking update takes 3875 us
Frame 166 Detect objects 14, Tracking update takes 3978 us
Frame 167 Detect objects 15, Tracking update takes 8823 us
Frame 168 Detect objects 15, Tracking update takes 4271 us
Frame 169 Detect objects 16, Tracking update takes 4221 us
Frame 170 Detect objects 17, Tracking update takes 4087 us
Frame 171 Detect objects 14, Tracking update takes 4093 us
Frame 172 Detect objects 15, Tracking update takes 4032 us
Frame 173 Detect objects 15, Tracking update takes 3988 us
Frame 174 Detect objects 15, Tracking update takes 4154 us
Frame 175 Detect objects 16, Tracking update takes 3937 us
Frame 176 Detect objects 16, Tracking update takes 8215 us
Frame 177 Detect objects 17, Tracking update takes 4210 us
Frame 178 Detect objects 18, Tracking update takes 4311 us
Frame 179 Detect objects 17, Tracking update takes 4326 us
Frame 180 Detect objects 17, Tracking update takes 4728 us
Frame 181 Detect objects 17, Tracking update takes 4339 us
Frame 182 Detect objects 19, Tracking update takes 4538 us
Frame 183 Detect objects 19, Tracking update takes 4672 us
Frame 184 Detect objects 19, Tracking update takes 8854 us
Frame 185 Detect objects 18, Tracking update takes 4707 us
Frame 186 Detect objects 18, Tracking update takes 4656 us
Frame 187 Detect objects 19, Tracking update takes 4702 us
Frame 188 Detect objects 18, Tracking update takes 4693 us
Frame 189 Detect objects 18, Tracking update takes 4722 us
Frame 190 Detect objects 18, Tracking update takes 4681 us
Frame 191 Detect objects 19, Tracking update takes 4562 us
Frame 192 Detect objects 22, Tracking update takes 13159 us
Frame 193 Detect objects 22, Tracking update takes 4920 us
Frame 194 Detect objects 21, Tracking update takes 4639 us
Frame 195 Detect objects 20, Tracking update takes 4703 us
Frame 196 Detect objects 19, Tracking update takes 4692 us
Frame 197 Detect objects 17, Tracking update takes 4495 us
Frame 198 Detect objects 17, Tracking update takes 4365 us
Frame 199 Detect objects 16, Tracking update takes 4456 us
Frame 200 Detect objects 17, Tracking update takes 13020 us
Frame 201 Detect objects 17, Tracking update takes 4547 us
Frame 202 Detect objects 17, Tracking update takes 4459 us
Frame 203 Detect objects 17, Tracking update takes 4459 us
Frame 204 Detect objects 17, Tracking update takes 4663 us
Frame 205 Detect objects 17, Tracking update takes 4814 us
Frame 206 Detect objects 17, Tracking update takes 4672 us
Frame 207 Detect objects 16, Tracking update takes 4445 us
Frame 208 Detect objects 16, Tracking update takes 18342 us
Frame 209 Detect objects 16, Tracking update takes 4657 us
Frame 210 Detect objects 16, Tracking update takes 4490 us
Frame 211 Detect objects 16, Tracking update takes 4826 us
Frame 212 Detect objects 16, Tracking update takes 4902 us
Frame 213 Detect objects 16, Tracking update takes 4906 us
Frame 214 Detect objects 17, Tracking update takes 4921 us
Frame 215 Detect objects 17, Tracking update takes 5034 us
Frame 216 Detect objects 17, Tracking update takes 15188 us
Frame 217 Detect objects 17, Tracking update takes 5075 us
Frame 218 Detect objects 17, Tracking update takes 5081 us
Frame 219 Detect objects 16, Tracking update takes 4644 us
Frame 220 Detect objects 12, Tracking update takes 4102 us
Frame 221 Detect objects 10, Tracking update takes 4069 us
Frame 222 Detect objects 10, Tracking update takes 4111 us
Frame 223 Detect objects 10, Tracking update takes 4321 us
Frame 224 Detect objects 9, Tracking update takes 4142 us
Frame 225 Detect objects 9, Tracking update takes 4151 us
Frame 226 Detect objects 9, Tracking update takes 4337 us
Frame 227 Detect objects 10, Tracking update takes 4907 us
Frame 228 Detect objects 9, Tracking update takes 3812 us
Frame 229 Detect objects 7, Tracking update takes 3597 us
Frame 230 Detect objects 8, Tracking update takes 3673 us
Frame 231 Detect objects 7, Tracking update takes 3609 us
Frame 232 Detect objects 8, Tracking update takes 3576 us
Frame 233 Detect objects 7, Tracking update takes 3654 us
Frame 234 Detect objects 7, Tracking update takes 3641 us
Frame 235 Detect objects 7, Tracking update takes 3497 us
Frame 236 Detect objects 7, Tracking update takes 3644 us
Frame 237 Detect objects 7, Tracking update takes 3647 us
Frame 238 Detect objects 7, Tracking update takes 3569 us
Frame 239 Detect objects 7, Tracking update takes 3525 us
Frame 240 Detect objects 6, Tracking update takes 3308 us
Frame 241 Detect objects 7, Tracking update takes 3195 us
Frame 242 Detect objects 6, Tracking update takes 8681 us
Frame 243 Detect objects 7, Tracking update takes 3380 us
Frame 244 Detect objects 6, Tracking update takes 3364 us
Frame 245 Detect objects 6, Tracking update takes 3240 us
Frame 246 Detect objects 6, Tracking update takes 3287 us
Frame 247 Detect objects 6, Tracking update takes 3226 us
Frame 248 Detect objects 6, Tracking update takes 3184 us
Frame 249 Detect objects 6, Tracking update takes 3058 us
Frame 250 Detect objects 6, Tracking update takes 2900 us
Frame 251 Detect objects 6, Tracking update takes 2732 us
Frame 252 Detect objects 6, Tracking update takes 2331 us
Frame 253 Detect objects 6, Tracking update takes 2238 us
Frame 254 Detect objects 6, Tracking update takes 2234 us
Frame 255 Detect objects 6, Tracking update takes 2218 us
Frame 256 Detect objects 6, Tracking update takes 2242 us
Frame 257 Detect objects 6, Tracking update takes 2232 us
Frame 258 Detect objects 7, Tracking update takes 2215 us
Frame 259 Detect objects 7, Tracking update takes 2285 us
Frame 260 Detect objects 6, Tracking update takes 2119 us
Frame 261 Detect objects 7, Tracking update takes 2095 us
Frame 262 Detect objects 6, Tracking update takes 2112 us
Frame 263 Detect objects 7, Tracking update takes 2147 us
Frame 264 Detect objects 6, Tracking update takes 2160 us
Frame 265 Detect objects 8, Tracking update takes 2311 us
Frame 266 Detect objects 8, Tracking update takes 2663 us
Frame 267 Detect objects 9, Tracking update takes 2453 us
Frame 268 Detect objects 11, Tracking update takes 2540 us
Frame 269 Detect objects 15, Tracking update takes 3106 us
Frame 270 Detect objects 17, Tracking update takes 4127 us
Frame 271 Detect objects 16, Tracking update takes 4438 us
Frame 272 Detect objects 16, Tracking update takes 4408 us
Frame 273 Detect objects 16, Tracking update takes 4333 us
Frame 274 Detect objects 18, Tracking update takes 4559 us
Frame 275 Detect objects 17, Tracking update takes 4488 us
Frame 276 Detect objects 17, Tracking update takes 4759 us
Frame 277 Detect objects 17, Tracking update takes 12991 us
Frame 278 Detect objects 18, Tracking update takes 4868 us
Frame 279 Detect objects 18, Tracking update takes 4974 us
Frame 280 Detect objects 18, Tracking update takes 5073 us
Frame 281 Detect objects 17, Tracking update takes 4844 us
Frame 282 Detect objects 17, Tracking update takes 4856 us
Frame 283 Detect objects 17, Tracking update takes 6332 us
Frame 284 Detect objects 17, Tracking update takes 4881 us
Frame 285 Detect objects 17, Tracking update takes 4958 us
Frame 286 Detect objects 17, Tracking update takes 4933 us
Frame 287 Detect objects 17, Tracking update takes 4762 us
Frame 288 Detect objects 17, Tracking update takes 4583 us
Frame 289 Detect objects 17, Tracking update takes 4869 us
Frame 290 Detect objects 17, Tracking update takes 5145 us
Frame 291 Detect objects 17, Tracking update takes 5464 us
Frame 292 Detect objects 18, Tracking update takes 5568 us
Frame 293 Detect objects 18, Tracking update takes 9648 us
Frame 294 Detect objects 18, Tracking update takes 5535 us
Frame 295 Detect objects 18, Tracking update takes 5367 us
Frame 296 Detect objects 18, Tracking update takes 5270 us
Frame 297 Detect objects 17, Tracking update takes 5215 us
Frame 298 Detect objects 17, Tracking update takes 5180 us
Frame 299 Detect objects 18, Tracking update takes 5241 us
Frame 300 Detect objects 17, Tracking update takes 4911 us
Frame 301 Detect objects 18, Tracking update takes 4869 us
Frame 302 Detect objects 17, Tracking update takes 4778 us
Frame 303 Detect objects 15, Tracking update takes 4595 us
Frame 304 Detect objects 14, Tracking update takes 4497 us
Frame 305 Detect objects 13, Tracking update takes 4348 us
Frame 306 Detect objects 12, Tracking update takes 4269 us
Frame 307 Detect objects 13, Tracking update takes 4149 us
Frame 308 Detect objects 12, Tracking update takes 4005 us
Frame 309 Detect objects 9, Tracking update takes 3654 us
Frame 310 Detect objects 5, Tracking update takes 7281 us
Frame 311 Detect objects 4, Tracking update takes 2934 us
Frame 312 Detect objects 4, Tracking update takes 2754 us
Frame 313 Detect objects 4, Tracking update takes 2694 us
Frame 314 Detect objects 3, Tracking update takes 2682 us
Frame 315 Detect objects 3, Tracking update takes 2673 us
Frame 316 Detect objects 3, Tracking update takes 2640 us
Frame 317 Detect objects 2, Tracking update takes 2524 us
Frame 318 Detect objects 2, Tracking update takes 2502 us
Frame 319 Detect objects 3, Tracking update takes 2591 us
Frame 320 Detect objects 3, Tracking update takes 2509 us
Frame 321 Detect objects 3, Tracking update takes 2479 us
Frame 322 Detect objects 3, Tracking update takes 2501 us
Frame 323 Detect objects 3, Tracking update takes 2505 us
Frame 324 Detect objects 3, Tracking update takes 2507 us
Frame 325 Detect objects 4, Tracking update takes 2519 us
Frame 326 Detect objects 4, Tracking update takes 2647 us
Frame 327 Detect objects 5, Tracking update takes 2811 us
Frame 328 Detect objects 6, Tracking update takes 6945 us
Frame 329 Detect objects 4, Tracking update takes 2670 us
Frame 330 Detect objects 5, Tracking update takes 2722 us
Frame 331 Detect objects 7, Tracking update takes 2814 us
Frame 332 Detect objects 4, Tracking update takes 2608 us
Frame 333 Detect objects 4, Tracking update takes 2578 us
Frame 334 Detect objects 4, Tracking update takes 2529 us
Frame 335 Detect objects 5, Tracking update takes 2475 us
Frame 336 Detect objects 4, Tracking update takes 2285 us
Frame 337 Detect objects 5, Tracking update takes 2411 us
Frame 338 Detect objects 3, Tracking update takes 2096 us
Frame 339 Detect objects 3, Tracking update takes 1995 us
Frame 340 Detect objects 3, Tracking update takes 1826 us
Frame 341 Detect objects 5, Tracking update takes 1773 us
Frame 342 Detect objects 6, Tracking update takes 1817 us
Frame 343 Detect objects 5, Tracking update takes 1855 us
Frame 344 Detect objects 5, Tracking update takes 1821 us
Frame 345 Detect objects 5, Tracking update takes 1845 us
Frame 346 Detect objects 5, Tracking update takes 5947 us
Frame 347 Detect objects 5, Tracking update takes 1862 us
Frame 348 Detect objects 5, Tracking update takes 1839 us
Frame 349 Detect objects 5, Tracking update takes 1710 us
Frame 350 Detect objects 5, Tracking update takes 1721 us
Frame 351 Detect objects 5, Tracking update takes 1814 us
Frame 352 Detect objects 5, Tracking update takes 1801 us
Frame 353 Detect objects 5, Tracking update takes 1776 us
Frame 354 Detect objects 5, Tracking update takes 1787 us
Frame 355 Detect objects 5, Tracking update takes 2630 us
Frame 356 Detect objects 5, Tracking update takes 1965 us
Frame 357 Detect objects 5, Tracking update takes 1917 us
Frame 358 Detect objects 5, Tracking update takes 1881 us
Frame 359 Detect objects 6, Tracking update takes 1888 us
Frame 360 Detect objects 6, Tracking update takes 1909 us
Frame 361 Detect objects 5, Tracking update takes 1891 us
Frame 362 Detect objects 5, Tracking update takes 2683 us
Frame 363 Detect objects 5, Tracking update takes 1806 us
Frame 364 Detect objects 5, Tracking update takes 1736 us
Frame 365 Detect objects 6, Tracking update takes 1799 us
Frame 366 Detect objects 7, Tracking update takes 1837 us
Frame 367 Detect objects 6, Tracking update takes 1864 us
Frame 368 Detect objects 9, Tracking update takes 2000 us
Frame 369 Detect objects 9, Tracking update takes 1905 us
Frame 370 Detect objects 6, Tracking update takes 1716 us
Frame 371 Detect objects 6, Tracking update takes 1777 us
Frame 372 Detect objects 8, Tracking update takes 1740 us
Frame 373 Detect objects 7, Tracking update takes 1726 us
Frame 374 Detect objects 6, Tracking update takes 1708 us
Frame 375 Detect objects 7, Tracking update takes 1754 us
Frame 376 Detect objects 7, Tracking update takes 1865 us
Frame 377 Detect objects 6, Tracking update takes 1871 us
Frame 378 Detect objects 6, Tracking update takes 1852 us
Frame 379 Detect objects 5, Tracking update takes 1745 us
Frame 380 Detect objects 5, Tracking update takes 1731 us
Frame 381 Detect objects 4, Tracking update takes 1523 us
Frame 382 Detect objects 3, Tracking update takes 1421 us
Frame 383 Detect objects 3, Tracking update takes 1354 us
Frame 384 Detect objects 3, Tracking update takes 1367 us
Frame 385 Detect objects 3, Tracking update takes 1382 us
Frame 386 Detect objects 3, Tracking update takes 1393 us
Frame 387 Detect objects 3, Tracking update takes 1344 us
Frame 388 Detect objects 3, Tracking update takes 1310 us
Frame 389 Detect objects 3, Tracking update takes 1324 us
Frame 390 Detect objects 3, Tracking update takes 2831 us
Frame 391 Detect objects 4, Tracking update takes 1333 us
Frame 392 Detect objects 4, Tracking update takes 1367 us
Frame 393 Detect objects 4, Tracking update takes 1516 us
Frame 394 Detect objects 4, Tracking update takes 1521 us
Frame 395 Detect objects 5, Tracking update takes 1476 us
Frame 396 Detect objects 4, Tracking update takes 1542 us
Frame 397 Detect objects 4, Tracking update takes 1669 us
Frame 398 Detect objects 3, Tracking update takes 1371 us
Frame 399 Detect objects 3, Tracking update takes 1608 us
Frame 400 Detect objects 2, Tracking update takes 1386 us
Frame 401 Detect objects 3, Tracking update takes 1575 us
Frame 402 Detect objects 3, Tracking update takes 1575 us
Frame 403 Detect objects 8, Tracking update takes 1899 us
Frame 404 Detect objects 8, Tracking update takes 2059 us
Frame 405 Detect objects 12, Tracking update takes 2329 us
Frame 406 Detect objects 18, Tracking update takes 2845 us
Frame 407 Detect objects 20, Tracking update takes 3425 us
Frame 408 Detect objects 20, Tracking update takes 3682 us
Frame 409 Detect objects 21, Tracking update takes 12167 us
Frame 410 Detect objects 21, Tracking update takes 4201 us
Frame 411 Detect objects 20, Tracking update takes 4161 us
Frame 412 Detect objects 19, Tracking update takes 4248 us
Frame 413 Detect objects 16, Tracking update takes 3739 us
Processed frames: 413
FPS: 260
[INFO]  Unload model ../model/YOLO11s_obb_video_base_640.om success
[INFO]  destroy context ok
[INFO]  Reset device 0 ok
[INFO]  Finalize acl ok
[INFO] 推理完成.
