======================================
 Run started at Wed Sep 10 14:11:47 CST 2025
======================================
[INFO] 开始推理...
[INFO]  Acl init ok
[INFO]  Open device 0 ok
[INFO]  Use default context currently
[INFO]  dvpp init resource ok
[INFO]  Load model ../model/YOLO11s_obb_video_base_640.om success
[INFO]  Create model description success
[INFO]  Create model(../model/YOLO11s_obb_video_base_640.om) output success
[INFO]  Init model ../model/YOLO11s_obb_video_base_640.om success
[INFO]  Model initialized successfully
[INFO]  Input size: 640x640
[INFO]  Output boxes: 8400
[INFO]  Classes: 1
[INFO]  Using ProbIoU for NMS processing
Init ByteTrack!
Frame 1 Detect objects 9, Tracking update takes 577 us
Frame 2 Detect objects 9, Tracking update takes 2152 us
Frame 3 Detect objects 8, Tracking update takes 2084 us
Frame 4 Detect objects 9, Tracking update takes 2094 us
Frame 5 Detect objects 8, Tracking update takes 2112 us
Frame 6 Detect objects 8, Tracking update takes 2155 us
Frame 7 Detect objects 8, Tracking update takes 1997 us
Frame 8 Detect objects 8, Tracking update takes 2027 us
Frame 9 Detect objects 9, Tracking update takes 2109 us
Frame 10 Detect objects 7, Tracking update takes 1943 us
Frame 11 Detect objects 7, Tracking update takes 1970 us
Frame 12 Detect objects 6, Tracking update takes 1786 us
Frame 13 Detect objects 6, Tracking update takes 1670 us
Frame 14 Detect objects 7, Tracking update takes 1751 us
Frame 15 Detect objects 7, Tracking update takes 1948 us
Frame 16 Detect objects 7, Tracking update takes 2126 us
Frame 17 Detect objects 4, Tracking update takes 1648 us
Frame 18 Detect objects 3, Tracking update takes 1373 us
Frame 19 Detect objects 2, Tracking update takes 1445 us
Frame 20 Detect objects 2, Tracking update takes 1524 us
Frame 21 Detect objects 2, Tracking update takes 1457 us
Frame 22 Detect objects 2, Tracking update takes 1443 us
Frame 23 Detect objects 2, Tracking update takes 1403 us
Frame 24 Detect objects 3, Tracking update takes 5429 us
Frame 25 Detect objects 3, Tracking update takes 1524 us
Frame 26 Detect objects 3, Tracking update takes 1601 us
Frame 27 Detect objects 3, Tracking update takes 1636 us
Frame 28 Detect objects 3, Tracking update takes 1695 us
Frame 29 Detect objects 3, Tracking update takes 1703 us
Frame 30 Detect objects 3, Tracking update takes 1708 us
Frame 31 Detect objects 3, Tracking update takes 1664 us
Frame 32 Detect objects 3, Tracking update takes 1691 us
Frame 33 Detect objects 3, Tracking update takes 1695 us
Frame 34 Detect objects 3, Tracking update takes 1664 us
Frame 35 Detect objects 4, Tracking update takes 1713 us
Frame 36 Detect objects 3, Tracking update takes 1703 us
Frame 37 Detect objects 3, Tracking update takes 1740 us
Frame 38 Detect objects 3, Tracking update takes 1686 us
Frame 39 Detect objects 5, Tracking update takes 1901 us
Frame 40 Detect objects 7, Tracking update takes 2159 us
Frame 41 Detect objects 9, Tracking update takes 3489 us
Frame 42 Detect objects 9, Tracking update takes 3169 us
Frame 43 Detect objects 10, Tracking update takes 3169 us
Frame 44 Detect objects 11, Tracking update takes 3230 us
Frame 45 Detect objects 10, Tracking update takes 3132 us
Frame 46 Detect objects 10, Tracking update takes 3178 us
Frame 47 Detect objects 10, Tracking update takes 3236 us
Frame 48 Detect objects 12, Tracking update takes 4359 us
Frame 49 Detect objects 13, Tracking update takes 3366 us
Frame 50 Detect objects 13, Tracking update takes 11398 us
Frame 51 Detect objects 12, Tracking update takes 3165 us
Frame 52 Detect objects 12, Tracking update takes 3189 us
Frame 53 Detect objects 12, Tracking update takes 3187 us
Frame 54 Detect objects 13, Tracking update takes 3234 us
Frame 55 Detect objects 13, Tracking update takes 3287 us
Frame 56 Detect objects 13, Tracking update takes 3312 us
Frame 57 Detect objects 13, Tracking update takes 3474 us
Frame 58 Detect objects 13, Tracking update takes 3475 us
Frame 59 Detect objects 13, Tracking update takes 7634 us
Frame 60 Detect objects 13, Tracking update takes 3448 us
Frame 61 Detect objects 13, Tracking update takes 3537 us
Frame 62 Detect objects 13, Tracking update takes 3506 us
Frame 63 Detect objects 12, Tracking update takes 3332 us
Frame 64 Detect objects 15, Tracking update takes 3596 us
Frame 65 Detect objects 16, Tracking update takes 3972 us
Frame 66 Detect objects 16, Tracking update takes 4995 us
Frame 67 Detect objects 16, Tracking update takes 4270 us
Frame 68 Detect objects 16, Tracking update takes 4233 us
Frame 69 Detect objects 16, Tracking update takes 4223 us
Frame 70 Detect objects 16, Tracking update takes 4348 us
Frame 71 Detect objects 16, Tracking update takes 4364 us
Frame 72 Detect objects 16, Tracking update takes 5365 us
Frame 73 Detect objects 17, Tracking update takes 8492 us
Frame 74 Detect objects 16, Tracking update takes 4430 us
Frame 75 Detect objects 17, Tracking update takes 8769 us
Frame 76 Detect objects 17, Tracking update takes 4883 us
Frame 77 Detect objects 17, Tracking update takes 4544 us
Frame 78 Detect objects 17, Tracking update takes 4754 us
Frame 79 Detect objects 17, Tracking update takes 5009 us
Frame 80 Detect objects 18, Tracking update takes 5017 us
Frame 81 Detect objects 17, Tracking update takes 4734 us
Frame 82 Detect objects 17, Tracking update takes 4701 us
Frame 83 Detect objects 16, Tracking update takes 12888 us
Frame 84 Detect objects 17, Tracking update takes 9053 us
Frame 85 Detect objects 15, Tracking update takes 4611 us
Frame 86 Detect objects 15, Tracking update takes 4738 us
Frame 87 Detect objects 16, Tracking update takes 4866 us
Frame 88 Detect objects 16, Tracking update takes 4915 us
Frame 89 Detect objects 16, Tracking update takes 4994 us
Frame 90 Detect objects 16, Tracking update takes 5431 us
Frame 91 Detect objects 16, Tracking update takes 5031 us
Frame 92 Detect objects 16, Tracking update takes 4965 us
Frame 93 Detect objects 16, Tracking update takes 4920 us
Frame 94 Detect objects 16, Tracking update takes 4985 us
Frame 95 Detect objects 16, Tracking update takes 4902 us
Frame 96 Detect objects 16, Tracking update takes 4812 us
Frame 97 Detect objects 16, Tracking update takes 4852 us
Frame 98 Detect objects 16, Tracking update takes 4899 us
Frame 99 Detect objects 16, Tracking update takes 6316 us
Frame 100 Detect objects 16, Tracking update takes 4770 us
Frame 101 Detect objects 16, Tracking update takes 4884 us
Frame 102 Detect objects 16, Tracking update takes 4874 us
Frame 103 Detect objects 16, Tracking update takes 4984 us
Frame 104 Detect objects 16, Tracking update takes 4768 us
Frame 105 Detect objects 16, Tracking update takes 4679 us
Frame 106 Detect objects 16, Tracking update takes 4802 us
Frame 107 Detect objects 16, Tracking update takes 4636 us
Frame 108 Detect objects 17, Tracking update takes 4719 us
Frame 109 Detect objects 16, Tracking update takes 4539 us
Frame 110 Detect objects 17, Tracking update takes 4607 us
Frame 111 Detect objects 16, Tracking update takes 4634 us
Frame 112 Detect objects 16, Tracking update takes 4607 us
Frame 113 Detect objects 16, Tracking update takes 4459 us
Frame 114 Detect objects 16, Tracking update takes 4356 us
Frame 115 Detect objects 16, Tracking update takes 8430 us
Frame 116 Detect objects 17, Tracking update takes 4406 us
Frame 117 Detect objects 17, Tracking update takes 4426 us
Frame 118 Detect objects 17, Tracking update takes 4368 us
Frame 119 Detect objects 19, Tracking update takes 4506 us
Frame 120 Detect objects 19, Tracking update takes 4503 us
Frame 121 Detect objects 20, Tracking update takes 4669 us
Frame 122 Detect objects 18, Tracking update takes 4686 us
Frame 123 Detect objects 19, Tracking update takes 16822 us
Frame 124 Detect objects 17, Tracking update takes 8681 us
Frame 125 Detect objects 18, Tracking update takes 4519 us
Frame 126 Detect objects 18, Tracking update takes 4487 us
Frame 127 Detect objects 19, Tracking update takes 4515 us
Frame 128 Detect objects 19, Tracking update takes 4759 us
Frame 129 Detect objects 19, Tracking update takes 4738 us
Frame 130 Detect objects 18, Tracking update takes 13100 us
Frame 131 Detect objects 17, Tracking update takes 9043 us
Frame 132 Detect objects 17, Tracking update takes 4818 us
Frame 133 Detect objects 18, Tracking update takes 5021 us
Frame 134 Detect objects 19, Tracking update takes 4978 us
Frame 135 Detect objects 21, Tracking update takes 5081 us
Frame 136 Detect objects 18, Tracking update takes 5019 us
Frame 137 Detect objects 19, Tracking update takes 4972 us
Frame 138 Detect objects 18, Tracking update takes 4708 us
Frame 139 Detect objects 16, Tracking update takes 4446 us
Frame 140 Detect objects 17, Tracking update takes 4409 us
Frame 141 Detect objects 16, Tracking update takes 4379 us
Frame 142 Detect objects 16, Tracking update takes 4404 us
Frame 143 Detect objects 15, Tracking update takes 4242 us
Frame 144 Detect objects 16, Tracking update takes 4295 us
Frame 145 Detect objects 16, Tracking update takes 4296 us
Frame 146 Detect objects 16, Tracking update takes 16559 us
Frame 147 Detect objects 15, Tracking update takes 4873 us
Frame 148 Detect objects 15, Tracking update takes 4324 us
Frame 149 Detect objects 15, Tracking update takes 4354 us
Frame 150 Detect objects 13, Tracking update takes 3973 us
Frame 151 Detect objects 13, Tracking update takes 3993 us
Frame 152 Detect objects 13, Tracking update takes 3951 us
Frame 153 Detect objects 13, Tracking update takes 3942 us
Frame 154 Detect objects 13, Tracking update takes 3976 us
Frame 155 Detect objects 13, Tracking update takes 3974 us
Frame 156 Detect objects 15, Tracking update takes 4085 us
Frame 157 Detect objects 15, Tracking update takes 4234 us
Frame 158 Detect objects 14, Tracking update takes 4129 us
Frame 159 Detect objects 14, Tracking update takes 4132 us
Frame 160 Detect objects 13, Tracking update takes 3969 us
Frame 161 Detect objects 13, Tracking update takes 4010 us
Frame 162 Detect objects 13, Tracking update takes 3858 us
Frame 163 Detect objects 14, Tracking update takes 3852 us
Frame 164 Detect objects 13, Tracking update takes 3797 us
Frame 165 Detect objects 15, Tracking update takes 4020 us
Frame 166 Detect objects 14, Tracking update takes 4009 us
Frame 167 Detect objects 15, Tracking update takes 4080 us
Frame 168 Detect objects 15, Tracking update takes 4273 us
Frame 169 Detect objects 16, Tracking update takes 4265 us
Frame 170 Detect objects 17, Tracking update takes 4042 us
Frame 171 Detect objects 14, Tracking update takes 3982 us
Frame 172 Detect objects 15, Tracking update takes 3983 us
Frame 173 Detect objects 15, Tracking update takes 4587 us
Frame 174 Detect objects 15, Tracking update takes 4174 us
Frame 175 Detect objects 16, Tracking update takes 3901 us
Frame 176 Detect objects 16, Tracking update takes 3926 us
Frame 177 Detect objects 17, Tracking update takes 4214 us
Frame 178 Detect objects 18, Tracking update takes 4300 us
Frame 179 Detect objects 17, Tracking update takes 4378 us
Frame 180 Detect objects 17, Tracking update takes 4559 us
Frame 181 Detect objects 17, Tracking update takes 4252 us
Frame 182 Detect objects 19, Tracking update takes 4549 us
Frame 183 Detect objects 19, Tracking update takes 4624 us
Frame 184 Detect objects 19, Tracking update takes 4561 us
Frame 185 Detect objects 18, Tracking update takes 4623 us
Frame 186 Detect objects 18, Tracking update takes 4716 us
Frame 187 Detect objects 19, Tracking update takes 4722 us
Frame 188 Detect objects 18, Tracking update takes 12853 us
Frame 189 Detect objects 18, Tracking update takes 4655 us
Frame 190 Detect objects 18, Tracking update takes 4733 us
Frame 191 Detect objects 19, Tracking update takes 4575 us
Frame 192 Detect objects 22, Tracking update takes 4857 us
Frame 193 Detect objects 22, Tracking update takes 4922 us
Frame 194 Detect objects 21, Tracking update takes 4722 us
Frame 195 Detect objects 20, Tracking update takes 4694 us
Frame 196 Detect objects 19, Tracking update takes 4621 us
Frame 197 Detect objects 17, Tracking update takes 4555 us
Frame 198 Detect objects 17, Tracking update takes 4471 us
Frame 199 Detect objects 16, Tracking update takes 4527 us
Frame 200 Detect objects 17, Tracking update takes 4731 us
Frame 201 Detect objects 17, Tracking update takes 4755 us
Frame 202 Detect objects 17, Tracking update takes 4455 us
Frame 203 Detect objects 17, Tracking update takes 4541 us
Frame 204 Detect objects 17, Tracking update takes 4733 us
Frame 205 Detect objects 17, Tracking update takes 4824 us
Frame 206 Detect objects 17, Tracking update takes 4766 us
Frame 207 Detect objects 16, Tracking update takes 4509 us
Frame 208 Detect objects 16, Tracking update takes 4456 us
Frame 209 Detect objects 16, Tracking update takes 4599 us
Frame 210 Detect objects 16, Tracking update takes 4530 us
Frame 211 Detect objects 16, Tracking update takes 4786 us
Frame 212 Detect objects 16, Tracking update takes 13054 us
Frame 213 Detect objects 16, Tracking update takes 4845 us
Frame 214 Detect objects 17, Tracking update takes 4913 us
Frame 215 Detect objects 17, Tracking update takes 5173 us
Frame 216 Detect objects 17, Tracking update takes 4878 us
Frame 217 Detect objects 17, Tracking update takes 5013 us
Frame 218 Detect objects 17, Tracking update takes 5101 us
Frame 219 Detect objects 16, Tracking update takes 4671 us
Frame 220 Detect objects 12, Tracking update takes 12374 us
Frame 221 Detect objects 10, Tracking update takes 4032 us
Frame 222 Detect objects 10, Tracking update takes 4074 us
Frame 223 Detect objects 10, Tracking update takes 4355 us
Frame 224 Detect objects 9, Tracking update takes 4127 us
Frame 225 Detect objects 9, Tracking update takes 4068 us
Frame 226 Detect objects 9, Tracking update takes 4079 us
Frame 227 Detect objects 10, Tracking update takes 4025 us
Frame 228 Detect objects 9, Tracking update takes 3746 us
Frame 229 Detect objects 7, Tracking update takes 3619 us
Frame 230 Detect objects 8, Tracking update takes 3613 us
Frame 231 Detect objects 7, Tracking update takes 3566 us
Frame 232 Detect objects 8, Tracking update takes 3570 us
Frame 233 Detect objects 7, Tracking update takes 3596 us
Frame 234 Detect objects 7, Tracking update takes 3659 us
Frame 235 Detect objects 7, Tracking update takes 3530 us
Frame 236 Detect objects 7, Tracking update takes 3615 us
Frame 237 Detect objects 7, Tracking update takes 3709 us
Frame 238 Detect objects 7, Tracking update takes 3628 us
Frame 239 Detect objects 7, Tracking update takes 3520 us
Frame 240 Detect objects 6, Tracking update takes 3290 us
Frame 241 Detect objects 7, Tracking update takes 3262 us
Frame 242 Detect objects 6, Tracking update takes 3249 us
Frame 243 Detect objects 7, Tracking update takes 3277 us
Frame 244 Detect objects 6, Tracking update takes 3185 us
Frame 245 Detect objects 6, Tracking update takes 3384 us
Frame 246 Detect objects 6, Tracking update takes 3309 us
Frame 247 Detect objects 6, Tracking update takes 3234 us
Frame 248 Detect objects 6, Tracking update takes 3042 us
Frame 249 Detect objects 6, Tracking update takes 2857 us
Frame 250 Detect objects 6, Tracking update takes 2876 us
Frame 251 Detect objects 6, Tracking update takes 2763 us
Frame 252 Detect objects 6, Tracking update takes 2324 us
Frame 253 Detect objects 6, Tracking update takes 2225 us
Frame 254 Detect objects 6, Tracking update takes 2249 us
Frame 255 Detect objects 6, Tracking update takes 7687 us
Frame 256 Detect objects 6, Tracking update takes 2241 us
Frame 257 Detect objects 6, Tracking update takes 2168 us
Frame 258 Detect objects 7, Tracking update takes 2231 us
Frame 259 Detect objects 7, Tracking update takes 2232 us
Frame 260 Detect objects 6, Tracking update takes 2117 us
Frame 261 Detect objects 7, Tracking update takes 2138 us
Frame 262 Detect objects 6, Tracking update takes 2087 us
Frame 263 Detect objects 7, Tracking update takes 2177 us
Frame 264 Detect objects 6, Tracking update takes 2185 us
Frame 265 Detect objects 8, Tracking update takes 2352 us
Frame 266 Detect objects 8, Tracking update takes 2500 us
Frame 267 Detect objects 9, Tracking update takes 2448 us
Frame 268 Detect objects 11, Tracking update takes 2488 us
Frame 269 Detect objects 15, Tracking update takes 3110 us
Frame 270 Detect objects 17, Tracking update takes 4064 us
Frame 271 Detect objects 16, Tracking update takes 4407 us
Frame 272 Detect objects 16, Tracking update takes 4370 us
Frame 273 Detect objects 16, Tracking update takes 4303 us
Frame 274 Detect objects 18, Tracking update takes 4501 us
Frame 275 Detect objects 17, Tracking update takes 4476 us
Frame 276 Detect objects 17, Tracking update takes 4765 us
Frame 277 Detect objects 17, Tracking update takes 4813 us
Frame 278 Detect objects 18, Tracking update takes 4896 us
Frame 279 Detect objects 18, Tracking update takes 5087 us
Frame 280 Detect objects 18, Tracking update takes 5043 us
Frame 281 Detect objects 17, Tracking update takes 13146 us
Frame 282 Detect objects 17, Tracking update takes 4853 us
Frame 283 Detect objects 17, Tracking update takes 4862 us
Frame 284 Detect objects 17, Tracking update takes 4838 us
Frame 285 Detect objects 17, Tracking update takes 4841 us
Frame 286 Detect objects 17, Tracking update takes 4873 us
Frame 287 Detect objects 17, Tracking update takes 4797 us
Frame 288 Detect objects 17, Tracking update takes 4545 us
Frame 289 Detect objects 17, Tracking update takes 13136 us
Frame 290 Detect objects 17, Tracking update takes 5046 us
Frame 291 Detect objects 17, Tracking update takes 5514 us
Frame 292 Detect objects 18, Tracking update takes 5295 us
Frame 293 Detect objects 18, Tracking update takes 5404 us
Frame 294 Detect objects 18, Tracking update takes 5353 us
Frame 295 Detect objects 18, Tracking update takes 5385 us
Frame 296 Detect objects 18, Tracking update takes 5261 us
Frame 297 Detect objects 17, Tracking update takes 13461 us
Frame 298 Detect objects 17, Tracking update takes 5150 us
Frame 299 Detect objects 18, Tracking update takes 5184 us
Frame 300 Detect objects 17, Tracking update takes 4781 us
Frame 301 Detect objects 18, Tracking update takes 4748 us
Frame 302 Detect objects 17, Tracking update takes 4737 us
Frame 303 Detect objects 15, Tracking update takes 4565 us
Frame 304 Detect objects 14, Tracking update takes 4373 us
Frame 305 Detect objects 13, Tracking update takes 4420 us
Frame 306 Detect objects 12, Tracking update takes 4223 us
Frame 307 Detect objects 13, Tracking update takes 4184 us
Frame 308 Detect objects 12, Tracking update takes 4038 us
Frame 309 Detect objects 9, Tracking update takes 3562 us
Frame 310 Detect objects 5, Tracking update takes 3102 us
Frame 311 Detect objects 4, Tracking update takes 2916 us
Frame 312 Detect objects 4, Tracking update takes 2790 us
Frame 313 Detect objects 4, Tracking update takes 2718 us
Frame 314 Detect objects 3, Tracking update takes 2772 us
Frame 315 Detect objects 3, Tracking update takes 2710 us
Frame 316 Detect objects 3, Tracking update takes 2671 us
Frame 317 Detect objects 2, Tracking update takes 2531 us
Frame 318 Detect objects 2, Tracking update takes 2503 us
Frame 319 Detect objects 3, Tracking update takes 2505 us
Frame 320 Detect objects 3, Tracking update takes 2488 us
Frame 321 Detect objects 3, Tracking update takes 2525 us
Frame 322 Detect objects 3, Tracking update takes 2501 us
Frame 323 Detect objects 3, Tracking update takes 2542 us
Frame 324 Detect objects 3, Tracking update takes 2523 us
Frame 325 Detect objects 4, Tracking update takes 2562 us
Frame 326 Detect objects 4, Tracking update takes 2646 us
Frame 327 Detect objects 5, Tracking update takes 2758 us
Frame 328 Detect objects 6, Tracking update takes 2773 us
Frame 329 Detect objects 4, Tracking update takes 2620 us
Frame 330 Detect objects 5, Tracking update takes 2731 us
Frame 331 Detect objects 7, Tracking update takes 2792 us
Frame 332 Detect objects 4, Tracking update takes 2677 us
Frame 333 Detect objects 4, Tracking update takes 2570 us
Frame 334 Detect objects 4, Tracking update takes 2494 us
Frame 335 Detect objects 5, Tracking update takes 2393 us
Frame 336 Detect objects 4, Tracking update takes 2297 us
Frame 337 Detect objects 5, Tracking update takes 2268 us
Frame 338 Detect objects 3, Tracking update takes 2058 us
Frame 339 Detect objects 3, Tracking update takes 2055 us
Frame 340 Detect objects 3, Tracking update takes 1834 us
Frame 341 Detect objects 5, Tracking update takes 1755 us
Frame 342 Detect objects 6, Tracking update takes 1828 us
Frame 343 Detect objects 5, Tracking update takes 1877 us
Frame 344 Detect objects 5, Tracking update takes 1844 us
Frame 345 Detect objects 5, Tracking update takes 1826 us
Frame 346 Detect objects 5, Tracking update takes 1843 us
Frame 347 Detect objects 5, Tracking update takes 1813 us
Frame 348 Detect objects 5, Tracking update takes 1830 us
Frame 349 Detect objects 5, Tracking update takes 1713 us
Frame 350 Detect objects 5, Tracking update takes 1804 us
Frame 351 Detect objects 5, Tracking update takes 1791 us
Frame 352 Detect objects 5, Tracking update takes 1744 us
Frame 353 Detect objects 5, Tracking update takes 1751 us
Frame 354 Detect objects 5, Tracking update takes 1777 us
Frame 355 Detect objects 5, Tracking update takes 1693 us
Frame 356 Detect objects 5, Tracking update takes 1825 us
Frame 357 Detect objects 5, Tracking update takes 1886 us
Frame 358 Detect objects 5, Tracking update takes 1847 us
Frame 359 Detect objects 6, Tracking update takes 1886 us
Frame 360 Detect objects 6, Tracking update takes 1912 us
Frame 361 Detect objects 5, Tracking update takes 1816 us
Frame 362 Detect objects 5, Tracking update takes 2600 us
Frame 363 Detect objects 5, Tracking update takes 1819 us
Frame 364 Detect objects 5, Tracking update takes 1665 us
Frame 365 Detect objects 6, Tracking update takes 1673 us
Frame 366 Detect objects 7, Tracking update takes 1867 us
Frame 367 Detect objects 6, Tracking update takes 1756 us
Frame 368 Detect objects 9, Tracking update takes 1831 us
Frame 369 Detect objects 9, Tracking update takes 1848 us
Frame 370 Detect objects 6, Tracking update takes 1678 us
Frame 371 Detect objects 6, Tracking update takes 1717 us
Frame 372 Detect objects 8, Tracking update takes 1744 us
Frame 373 Detect objects 7, Tracking update takes 1732 us
Frame 374 Detect objects 6, Tracking update takes 1664 us
Frame 375 Detect objects 7, Tracking update takes 1693 us
Frame 376 Detect objects 7, Tracking update takes 1853 us
Frame 377 Detect objects 6, Tracking update takes 5986 us
Frame 378 Detect objects 6, Tracking update takes 1826 us
Frame 379 Detect objects 5, Tracking update takes 1669 us
Frame 380 Detect objects 5, Tracking update takes 1665 us
Frame 381 Detect objects 4, Tracking update takes 1545 us
Frame 382 Detect objects 3, Tracking update takes 1351 us
Frame 383 Detect objects 3, Tracking update takes 1331 us
Frame 384 Detect objects 3, Tracking update takes 1315 us
Frame 385 Detect objects 3, Tracking update takes 1361 us
Frame 386 Detect objects 3, Tracking update takes 1401 us
Frame 387 Detect objects 3, Tracking update takes 1295 us
Frame 388 Detect objects 3, Tracking update takes 1285 us
Frame 389 Detect objects 3, Tracking update takes 1277 us
Frame 390 Detect objects 3, Tracking update takes 1328 us
Frame 391 Detect objects 4, Tracking update takes 1320 us
Frame 392 Detect objects 4, Tracking update takes 1344 us
Frame 393 Detect objects 4, Tracking update takes 1460 us
Frame 394 Detect objects 4, Tracking update takes 1468 us
Frame 395 Detect objects 5, Tracking update takes 1508 us
Frame 396 Detect objects 4, Tracking update takes 1545 us
Frame 397 Detect objects 4, Tracking update takes 1644 us
Frame 398 Detect objects 3, Tracking update takes 1325 us
Frame 399 Detect objects 3, Tracking update takes 1562 us
Frame 400 Detect objects 2, Tracking update takes 1407 us
Frame 401 Detect objects 3, Tracking update takes 1532 us
Frame 402 Detect objects 3, Tracking update takes 1555 us
Frame 403 Detect objects 8, Tracking update takes 1894 us
Frame 404 Detect objects 8, Tracking update takes 2037 us
Frame 405 Detect objects 12, Tracking update takes 2301 us
Frame 406 Detect objects 18, Tracking update takes 2796 us
Frame 407 Detect objects 20, Tracking update takes 3209 us
Frame 408 Detect objects 20, Tracking update takes 3521 us
Frame 409 Detect objects 21, Tracking update takes 3961 us
Frame 410 Detect objects 21, Tracking update takes 4136 us
Frame 411 Detect objects 20, Tracking update takes 4058 us
Frame 412 Detect objects 19, Tracking update takes 4215 us
Frame 413 Detect objects 16, Tracking update takes 3704 us
Processed frames: 413
FPS: 263
[INFO]  Unload model ../model/YOLO11s_obb_video_base_640.om success
[INFO]  destroy context ok
[INFO]  Reset device 0 ok
[INFO]  Finalize acl ok
[INFO] 推理完成.
