======================================
 Run started at Sat Sep 13 22:28:24 CST 2025
======================================
[INFO] 开始推理...
[INFO]  Acl init ok
[INFO]  Open device 0 ok
[INFO]  Use default context currently
[INFO]  dvpp init resource ok
[INFO]  Load model ../model/YOLO11s_obb_video_base_640.om success
[INFO]  Create model description success
[INFO]  Create model(../model/YOLO11s_obb_video_base_640.om) output success
[INFO]  Init model ../model/YOLO11s_obb_video_base_640.om success
[INFO]  Model initialized successfully
[INFO]  Input size: 640x640
[INFO]  Output boxes: 8400
[INFO]  Classes: 1
[INFO]  Using ProbIoU for NMS processing
Init ByteTrack!
[Track] 检测模块平均 FPS = 38.3784  |  跟踪模块平均 FPS = 268.607
[INFO]  Unload model ../model/YOLO11s_obb_video_base_640.om success
[INFO]  destroy context ok
[INFO]  Reset device 0 ok
[INFO]  Finalize acl ok
[INFO] 推理完成.
